WARNING: This is a development server. Do not use it in a production deployment. Use a production WSGI server instead.
 * Running on http://127.0.0.1:5000
Press CTRL+C to quit
 * Restarting with stat
 * Debugger is active!
 * Debugger PIN: 103-182-104
 * Detected change in 'C:\\Users\\Kaio\\.verdent\\verdent-projects\\agora-como-um-novo\\rench_web\\app.py', reloading
 * Restarting with stat
 * Debugger is active!
 * Debugger PIN: 103-182-104
 * Detected change in 'C:\\Users\\Kaio\\.verdent\\verdent-projects\\agora-como-um-novo\\rench_web\\app.py', reloading
 * Restarting with stat
 * Debugger is active!
 * Debugger PIN: 103-182-104
 * Detected change in 'C:\\Users\\Kaio\\.verdent\\verdent-projects\\agora-como-um-novo\\rench_web\\app.py', reloading
 * Restarting with stat
 * Debugger is active!
 * Debugger PIN: 103-182-104
 * Detected change in 'C:\\Users\\Kaio\\.verdent\\verdent-projects\\agora-como-um-novo\\rench_web\\app.py', reloading
 * Restarting with stat
 * Debugger is active!
 * Debugger PIN: 103-182-104
 * Detected change in 'C:\\Users\\Kaio\\.verdent\\verdent-projects\\agora-como-um-novo\\rench_web\\app.py', reloading
 * Restarting with stat
 * Debugger is active!
 * Debugger PIN: 103-182-104
 * Detected change in 'C:\\Users\\Kaio\\.verdent\\verdent-projects\\agora-como-um-novo\\rench_web\\app.py', reloading
 * Restarting with stat
 * Debugger is active!
 * Debugger PIN: 103-182-104
 * Detected change in 'C:\\Users\\Kaio\\.verdent\\verdent-projects\\agora-como-um-novo\\rench_web\\app.py', reloading
 * Restarting with stat
 * Debugger is active!
 * Debugger PIN: 103-182-104
 * Detected change in 'C:\\Users\\Kaio\\.verdent\\verdent-projects\\agora-como-um-novo\\rench_web\\reimportar_contadores.py', reloading
 * Restarting with stat
 * Debugger is active!
 * Debugger PIN: 103-182-104
